<?xml version="1.0" encoding="UTF-8" ?>
<testsuite tests="3" failures="0" name="fr.ufrsciencestech.panier.VisuTest" time="0.37" errors="1" skipped="0">
  <properties>
    <property name="java.runtime.name" value="Java(TM) SE Runtime Environment"/>
    <property name="sun.boot.library.path" value="/usr/local/jdk1.8.0_144/jre/lib/amd64"/>
    <property name="java.vm.version" value="25.144-b01"/>
    <property name="java.vm.vendor" value="Oracle Corporation"/>
    <property name="java.vendor.url" value="http://java.oracle.com/"/>
    <property name="path.separator" value=":"/>
    <property name="guice.disable.misplaced.annotation.check" value="true"/>
    <property name="java.vm.name" value="Java HotSpot(TM) 64-Bit Server VM"/>
    <property name="file.encoding.pkg" value="sun.io"/>
    <property name="user.country" value="FR"/>
    <property name="sun.java.launcher" value="SUN_STANDARD"/>
    <property name="sun.os.patch.level" value="unknown"/>
    <property name="java.vm.specification.name" value="Java Virtual Machine Specification"/>
    <property name="user.dir" value="/home2/nl773507/NetBeansProjects/genieLog/Panier"/>
    <property name="java.runtime.version" value="1.8.0_144-b01"/>
    <property name="java.awt.graphicsenv" value="sun.awt.X11GraphicsEnvironment"/>
    <property name="java.endorsed.dirs" value="/usr/local/jdk1.8.0_144/jre/lib/endorsed"/>
    <property name="os.arch" value="amd64"/>
    <property name="java.io.tmpdir" value="/tmp"/>
    <property name="line.separator" value="
"/>
    <property name="java.vm.specification.vendor" value="Oracle Corporation"/>
    <property name="os.name" value="Linux"/>
    <property name="net.sourceforge.cobertura.datafile" value="/home2/nl773507/NetBeansProjects/genieLog/Panier/target/cobertura/cobertura.ser"/>
    <property name="maven.ext.class.path" value="/usr/local/netbeans-8.2/java/maven-nblib/netbeans-eventspy.jar"/>
    <property name="classworlds.conf" value="/usr/local/netbeans-8.2/java/maven/bin/m2.conf"/>
    <property name="sun.jnu.encoding" value="UTF-8"/>
    <property name="java.library.path" value="/usr/local/jdk-1.8/jre/lib/amd64:/usr/local/jdk-1.8/jre/lib/i386::/usr/java/packages/lib/amd64:/usr/lib64:/lib64:/lib:/usr/lib"/>
    <property name="java.specification.name" value="Java Platform API Specification"/>
    <property name="java.class.version" value="52.0"/>
    <property name="sun.management.compiler" value="HotSpot 64-Bit Tiered Compilers"/>
    <property name="skipTests" value="false"/>
    <property name="cobertura.report.format" value="xml"/>
    <property name="os.version" value="3.16.0-4-amd64"/>
    <property name="user.home" value="/home1/nl773507"/>
    <property name="user.timezone" value="Europe/Paris"/>
    <property name="java.awt.printerjob" value="sun.print.PSPrinterJob"/>
    <property name="java.specification.version" value="1.8"/>
    <property name="file.encoding" value="UTF-8"/>
    <property name="user.name" value="nl773507"/>
    <property name="java.class.path" value="/usr/local/netbeans-8.2/java/maven/boot/plexus-classworlds-2.4.jar"/>
    <property name="java.vm.specification.version" value="1.8"/>
    <property name="sun.arch.data.model" value="64"/>
    <property name="java.home" value="/usr/local/jdk1.8.0_144/jre"/>
    <property name="sun.java.command" value="org.codehaus.plexus.classworlds.launcher.Launcher -DskipTests=false -Dcobertura.report.format=xml -Dmaven.ext.class.path=/usr/local/netbeans-8.2/java/maven-nblib/netbeans-eventspy.jar cobertura:clean cobertura:cobertura"/>
    <property name="java.specification.vendor" value="Oracle Corporation"/>
    <property name="user.language" value="fr"/>
    <property name="awt.toolkit" value="sun.awt.X11.XToolkit"/>
    <property name="java.vm.info" value="mixed mode"/>
    <property name="java.version" value="1.8.0_144"/>
    <property name="java.ext.dirs" value="/usr/local/jdk1.8.0_144/jre/lib/ext:/usr/java/packages/lib/ext"/>
    <property name="securerandom.source" value="file:/dev/./urandom"/>
    <property name="sun.boot.class.path" value="/usr/local/jdk1.8.0_144/jre/lib/resources.jar:/usr/local/jdk1.8.0_144/jre/lib/rt.jar:/usr/local/jdk1.8.0_144/jre/lib/sunrsasign.jar:/usr/local/jdk1.8.0_144/jre/lib/jsse.jar:/usr/local/jdk1.8.0_144/jre/lib/jce.jar:/usr/local/jdk1.8.0_144/jre/lib/charsets.jar:/usr/local/jdk1.8.0_144/jre/lib/jfr.jar:/usr/local/jdk1.8.0_144/jre/classes"/>
    <property name="java.vendor" value="Oracle Corporation"/>
    <property name="maven.home" value="/usr/local/netbeans-8.2/java/maven"/>
    <property name="file.separator" value="/"/>
    <property name="java.vendor.url.bug" value="http://bugreport.sun.com/bugreport/"/>
    <property name="sun.cpu.endian" value="little"/>
    <property name="sun.io.unicode.encoding" value="UnicodeLittle"/>
    <property name="project.build.outputDirectory" value="/home2/nl773507/NetBeansProjects/genieLog/Panier/target/generated-classes/cobertura"/>
    <property name="sun.cpu.isalist" value=""/>
  </properties>
  <testcase classname="fr.ufrsciencestech.panier.VisuTest" name="testInit" time="0.256"/>
  <testcase classname="fr.ufrsciencestech.panier.VisuTest" name="testMain" time="0.052"/>
  <testcase classname="fr.ufrsciencestech.panier.VisuTest" name="testInit2" time="0.054">
    <error message="javax.swing.plaf.nimbus.DerivedColor$UIResource cannot be cast to java.awt.Font" type="java.lang.ClassCastException">java.lang.ClassCastException: javax.swing.plaf.nimbus.DerivedColor$UIResource cannot be cast to java.awt.Font
	at javax.swing.plaf.nimbus.NimbusStyle.getFontForState(NimbusStyle.java:573)
	at javax.swing.plaf.synth.SynthStyle.installDefaults(SynthStyle.java:933)
	at javax.swing.plaf.nimbus.NimbusStyle.installDefaults(NimbusStyle.java:231)
	at javax.swing.plaf.synth.SynthStyle.installDefaults(SynthStyle.java:916)
	at javax.swing.plaf.synth.SynthLookAndFeel.updateStyle(SynthLookAndFeel.java:265)
	at javax.swing.plaf.synth.SynthScrollBarUI.updateStyle(SynthScrollBarUI.java:80)
	at javax.swing.plaf.synth.SynthScrollBarUI.installDefaults(SynthScrollBarUI.java:67)
	at javax.swing.plaf.basic.BasicScrollBarUI.installUI(BasicScrollBarUI.java:172)
	at javax.swing.JComponent.setUI(JComponent.java:666)
	at javax.swing.JScrollBar.setUI(JScrollBar.java:207)
	at javax.swing.JScrollBar.updateUI(JScrollBar.java:227)
	at javax.swing.JScrollBar.&lt;init&gt;(JScrollBar.java:161)
	at javax.swing.JScrollBar.&lt;init&gt;(JScrollBar.java:176)
	at javax.swing.JScrollPane$ScrollBar.&lt;init&gt;(JScrollPane.java:718)
	at javax.swing.JScrollPane.createHorizontalScrollBar(JScrollPane.java:814)
	at javax.swing.JScrollPane.&lt;init&gt;(JScrollPane.java:300)
	at javax.swing.JScrollPane.&lt;init&gt;(JScrollPane.java:351)
	at fr.ufrsciencestech.panier.Visu.initComponents(Visu.java:96)
	at fr.ufrsciencestech.panier.Visu.&lt;init&gt;(Visu.java:21)
	at fr.ufrsciencestech.panier.VisuTest.testInit2(VisuTest.java:53)
</error>
    <system-out>init2
</system-out>
  </testcase>
</testsuite>